<?xml version="1.0" encoding="UTF-8"?>
<testng-results ignored="0" total="1" passed="1" failed="0" skipped="0">
  <reporter-output>
  </reporter-output>
  <suite started-at="2025-01-08T13:23:01 IST" name="Default suite" finished-at="2025-01-08T13:23:05 IST" duration-ms="3527">
    <groups>
    </groups>
    <test started-at="2025-01-08T13:23:01 IST" name="Default test" finished-at="2025-01-08T13:23:05 IST" duration-ms="3527">
      <class name="testCase.TC001_UserLoginTest">
        <test-method is-config="true" signature="setup()[pri:0, instance:testCase.TC001_UserLoginTest@5e5d171f]" started-at="2025-01-08T13:23:01 IST" name="setup" finished-at="2025-01-08T13:23:05 IST" duration-ms="3256" status="PASS">
          <reporter-output>
          </reporter-output>
        </test-method> <!-- setup -->
        <test-method signature="Verify_Login()[pri:0, instance:testCase.TC001_UserLoginTest@5e5d171f]" started-at="2025-01-08T13:23:05 IST" name="Verify_Login" finished-at="2025-01-08T13:23:05 IST" duration-ms="225" status="PASS">
          <reporter-output>
          </reporter-output>
        </test-method> <!-- Verify_Login -->
        <test-method is-config="true" signature="teardown()[pri:0, instance:testCase.TC001_UserLoginTest@5e5d171f]" started-at="2025-01-08T13:23:05 IST" name="teardown" finished-at="2025-01-08T13:23:05 IST" duration-ms="1" status="PASS">
          <reporter-output>
          </reporter-output>
        </test-method> <!-- teardown -->
      </class> <!-- testCase.TC001_UserLoginTest -->
    </test> <!-- Default test -->
  </suite> <!-- Default suite -->
</testng-results>
