<?xml version="1.0" encoding="UTF-8"?>
<testng-results ignored="0" total="1" passed="1" failed="0" skipped="0">
  <reporter-output>
  </reporter-output>
  <suite started-at="2025-01-08T17:57:31 IST" name="Suite" finished-at="2025-01-08T17:57:34 IST" duration-ms="2281">
    <groups>
    </groups>
    <test started-at="2025-01-08T17:57:31 IST" name="Test" finished-at="2025-01-08T17:57:34 IST" duration-ms="2281">
      <class name="testCase.TC001_UserLoginTest">
        <test-method is-config="true" signature="setup(java.lang.String)[pri:0, instance:testCase.TC001_UserLoginTest@131ef10]" started-at="2025-01-08T17:57:31 IST" name="setup" finished-at="2025-01-08T17:57:33 IST" duration-ms="1852" status="PASS">
          <params>
            <param index="0">
              <value>
                <![CDATA[chrome]]>
              </value>
            </param>
          </params>
          <reporter-output>
          </reporter-output>
        </test-method> <!-- setup -->
        <test-method signature="Verify_Login()[pri:0, instance:testCase.TC001_UserLoginTest@131ef10]" started-at="2025-01-08T17:57:33 IST" name="Verify_Login" finished-at="2025-01-08T17:57:34 IST" duration-ms="387" status="PASS">
          <reporter-output>
          </reporter-output>
        </test-method> <!-- Verify_Login -->
        <test-method is-config="true" signature="teardown()[pri:0, instance:testCase.TC001_UserLoginTest@131ef10]" started-at="2025-01-08T17:57:34 IST" name="teardown" finished-at="2025-01-08T17:57:34 IST" duration-ms="1" status="PASS">
          <reporter-output>
          </reporter-output>
        </test-method> <!-- teardown -->
      </class> <!-- testCase.TC001_UserLoginTest -->
    </test> <!-- Test -->
  </suite> <!-- Suite -->
</testng-results>
